Tracing 1 functions for "__alloc_pages_nodemask"... Hit Ctrl-C to end.
^C
     nsecs               : count     distribution
         0 -> 1          : 0        |                                        |
         2 -> 3          : 0        |                                        |
         4 -> 7          : 0        |                                        |
         8 -> 15         : 0        |                                        |
        16 -> 31         : 0        |                                        |
        32 -> 63         : 0        |                                        |
        64 -> 127        : 0        |                                        |
       128 -> 255        : 0        |                                        |
       256 -> 511        : 1739896  |****************************************|
       512 -> 1023       : 302335   |******                                  |
      1024 -> 2047       : 68717    |*                                       |
      2048 -> 4095       : 44233    |*                                       |
      4096 -> 8191       : 2482     |                                        |
      8192 -> 16383      : 391      |                                        |
     16384 -> 32767      : 63       |                                        |
     32768 -> 65535      : 59       |                                        |
     65536 -> 131071     : 96       |                                        |
    131072 -> 262143     : 8        |                                        |
    262144 -> 524287     : 6        |                                        |
    524288 -> 1048575    : 6        |                                        |
   1048576 -> 2097151    : 29       |                                        |
   2097152 -> 4194303    : 1        |                                        |
   4194304 -> 8388607    : 11       |                                        |
   8388608 -> 16777215   : 15       |                                        |
  16777216 -> 33554431   : 7        |                                        |
  33554432 -> 67108863   : 1        |                                        |
Detaching...

