Tracing 1 functions for "__alloc_pages_nodemask"... Hit Ctrl-C to end.
^C
     nsecs               : count     distribution
         0 -> 1          : 0        |                                        |
         2 -> 3          : 0        |                                        |
         4 -> 7          : 0        |                                        |
         8 -> 15         : 0        |                                        |
        16 -> 31         : 0        |                                        |
        32 -> 63         : 0        |                                        |
        64 -> 127        : 0        |                                        |
       128 -> 255        : 0        |                                        |
       256 -> 511        : 241698   |*****                                   |
       512 -> 1023       : 1794591  |****************************************|
      1024 -> 2047       : 308313   |******                                  |
      2048 -> 4095       : 59720    |*                                       |
      4096 -> 8191       : 19615    |                                        |
      8192 -> 16383      : 271      |                                        |
     16384 -> 32767      : 55       |                                        |
     32768 -> 65535      : 18       |                                        |
     65536 -> 131071     : 183      |                                        |
    131072 -> 262143     : 22       |                                        |
    262144 -> 524287     : 95       |                                        |
    524288 -> 1048575    : 64       |                                        |
   1048576 -> 2097151    : 32       |                                        |
   2097152 -> 4194303    : 6        |                                        |
   4194304 -> 8388607    : 11       |                                        |
   8388608 -> 16777215   : 30       |                                        |
  16777216 -> 33554431   : 15       |                                        |
  33554432 -> 67108863   : 6        |                                        |
  67108864 -> 134217727  : 7        |                                        |
 134217728 -> 268435455  : 2        |                                        |
 268435456 -> 536870911  : 0        |                                        |
 536870912 -> 1073741823 : 0        |                                        |
1073741824 -> 2147483647 : 0        |                                        |
2147483648 -> 4294967295 : 1        |                                        |
Detaching...

