Tracing 1 functions for "__alloc_pages_nodemask"... Hit Ctrl-C to end.
^C
     nsecs               : count     distribution
         0 -> 1          : 0        |                                        |
         2 -> 3          : 0        |                                        |
         4 -> 7          : 0        |                                        |
         8 -> 15         : 0        |                                        |
        16 -> 31         : 0        |                                        |
        32 -> 63         : 0        |                                        |
        64 -> 127        : 0        |                                        |
       128 -> 255        : 0        |                                        |
       256 -> 511        : 104536   |**                                      |
       512 -> 1023       : 2053244  |****************************************|
      1024 -> 2047       : 499732   |*********                               |
      2048 -> 4095       : 200710   |***                                     |
      4096 -> 8191       : 53186    |*                                       |
      8192 -> 16383      : 4284     |                                        |
     16384 -> 32767      : 379      |                                        |
     32768 -> 65535      : 56       |                                        |
     65536 -> 131071     : 16       |                                        |
    131072 -> 262143     : 25       |                                        |
    262144 -> 524287     : 1        |                                        |
    524288 -> 1048575    : 2        |                                        |
   1048576 -> 2097151    : 1        |                                        |
   2097152 -> 4194303    : 1        |                                        |
   4194304 -> 8388607    : 2        |                                        |
   8388608 -> 16777215   : 3        |                                        |
Detaching...

