Tracing 3 functions for "__alloc_pages_nodemask|shrink_zone|__alloc_pages_slowpath"... Hit Ctrl-C to end.


Function = shrink_zone
     nsecs               : count     distribution
         0 -> 1          : 0        |                                        |
         2 -> 3          : 0        |                                        |
         4 -> 7          : 0        |                                        |
         8 -> 15         : 0        |                                        |
        16 -> 31         : 0        |                                        |
        32 -> 63         : 0        |                                        |
        64 -> 127        : 0        |                                        |
       128 -> 255        : 0        |                                        |
       256 -> 511        : 0        |                                        |
       512 -> 1023       : 1        |                                        |
      1024 -> 2047       : 16       |                                        |
      2048 -> 4095       : 25       |                                        |
      4096 -> 8191       : 131      |                                        |
      8192 -> 16383      : 131      |                                        |
     16384 -> 32767      : 574      |***                                     |
     32768 -> 65535      : 5814     |***********************************     |
     65536 -> 131071     : 6540     |****************************************|
    131072 -> 262143     : 2282     |*************                           |
    262144 -> 524287     : 908      |*****                                   |
    524288 -> 1048575    : 1060     |******                                  |
   1048576 -> 2097151    : 275      |*                                       |
   2097152 -> 4194303    : 713      |****                                    |
   4194304 -> 8388607    : 142      |                                        |
   8388608 -> 16777215   : 30       |                                        |
  16777216 -> 33554431   : 27       |                                        |
  33554432 -> 67108863   : 22       |                                        |
  67108864 -> 134217727  : 11       |                                        |
 134217728 -> 268435455  : 5        |                                        |

Function = __alloc_pages_slowpath
     nsecs               : count     distribution
         0 -> 1          : 0        |                                        |
         2 -> 3          : 0        |                                        |
         4 -> 7          : 0        |                                        |
         8 -> 15         : 0        |                                        |
        16 -> 31         : 0        |                                        |
        32 -> 63         : 0        |                                        |
        64 -> 127        : 0        |                                        |
       128 -> 255        : 0        |                                        |
       256 -> 511        : 111      |                                        |
       512 -> 1023       : 12491    |                                        |
      1024 -> 2047       : 1221336  |****************************************|
      2048 -> 4095       : 422658   |*************                           |
      4096 -> 8191       : 26137    |                                        |
      8192 -> 16383      : 1517     |                                        |
     16384 -> 32767      : 251      |                                        |
     32768 -> 65535      : 111      |                                        |
     65536 -> 131071     : 169      |                                        |
    131072 -> 262143     : 89       |                                        |
    262144 -> 524287     : 21       |                                        |
    524288 -> 1048575    : 3        |                                        |

Function = __alloc_pages_nodemask
     nsecs               : count     distribution
         0 -> 1          : 0        |                                        |
         2 -> 3          : 0        |                                        |
         4 -> 7          : 0        |                                        |
         8 -> 15         : 0        |                                        |
        16 -> 31         : 0        |                                        |
        32 -> 63         : 0        |                                        |
        64 -> 127        : 0        |                                        |
       128 -> 255        : 0        |                                        |
       256 -> 511        : 0        |                                        |
       512 -> 1023       : 167      |                                        |
      1024 -> 2047       : 320942   |****************************************|
      2048 -> 4095       : 38519    |****                                    |
      4096 -> 8191       : 8121     |*                                       |
      8192 -> 16383      : 210      |                                        |
     16384 -> 32767      : 17       |                                        |
     32768 -> 65535      : 2        |                                        |
     65536 -> 131071     : 3        |                                        |
    131072 -> 262143     : 3        |                                        |
    262144 -> 524287     : 15       |                                        |
    524288 -> 1048575    : 1        |                                        |
Detaching...
