Tracing 1 functions for "__alloc_pages_nodemask"... Hit Ctrl-C to end.
^C
     nsecs               : count     distribution
         0 -> 1          : 0        |                                        |
         2 -> 3          : 0        |                                        |
         4 -> 7          : 0        |                                        |
         8 -> 15         : 0        |                                        |
        16 -> 31         : 0        |                                        |
        32 -> 63         : 0        |                                        |
        64 -> 127        : 0        |                                        |
       128 -> 255        : 0        |                                        |
       256 -> 511        : 1937     |                                        |
       512 -> 1023       : 21736    |                                        |
      1024 -> 2047       : 1926264  |****************************************|
      2048 -> 4095       : 94285    |*                                       |
      4096 -> 8191       : 25976    |                                        |
      8192 -> 16383      : 1008     |                                        |
     16384 -> 32767      : 105      |                                        |
     32768 -> 65535      : 121      |                                        |
     65536 -> 131071     : 110      |                                        |
    131072 -> 262143     : 70       |                                        |
    262144 -> 524287     : 550      |                                        |
    524288 -> 1048575    : 676      |                                        |
   1048576 -> 2097151    : 303      |                                        |
   2097152 -> 4194303    : 137      |                                        |
   4194304 -> 8388607    : 185      |                                        |
   8388608 -> 16777215   : 78       |                                        |
  16777216 -> 33554431   : 68       |                                        |
  33554432 -> 67108863   : 65       |                                        |
  67108864 -> 134217727  : 34       |                                        |
 134217728 -> 268435455  : 11       |                                        |
 268435456 -> 536870911  : 1        |                                        |
Detaching...

