Tracing 1 functions for "__alloc_pages_nodemask"... Hit Ctrl-C to end.
^C
     nsecs               : count     distribution
         0 -> 1          : 0        |                                        |
         2 -> 3          : 0        |                                        |
         4 -> 7          : 0        |                                        |
         8 -> 15         : 0        |                                        |
        16 -> 31         : 0        |                                        |
        32 -> 63         : 0        |                                        |
        64 -> 127        : 0        |                                        |
       128 -> 255        : 0        |                                        |
       256 -> 511        : 2518     |                                        |
       512 -> 1023       : 191773   |****                                    |
      1024 -> 2047       : 1772900  |****************************************|
      2048 -> 4095       : 73998    |*                                       |
      4096 -> 8191       : 12734    |                                        |
      8192 -> 16383      : 2475     |                                        |
     16384 -> 32767      : 148      |                                        |
     32768 -> 65535      : 3        |                                        |
     65536 -> 131071     : 3        |                                        |
    131072 -> 262143     : 7        |                                        |
    262144 -> 524287     : 12       |                                        |
    524288 -> 1048575    : 2        |                                        |
   1048576 -> 2097151    : 5        |                                        |
Detaching...

