Tracing 1 functions for "__alloc_pages_nodemask"... Hit Ctrl-C to end.
^C
     nsecs               : count     distribution
         0 -> 1          : 0        |                                        |
         2 -> 3          : 0        |                                        |
         4 -> 7          : 0        |                                        |
         8 -> 15         : 0        |                                        |
        16 -> 31         : 0        |                                        |
        32 -> 63         : 0        |                                        |
        64 -> 127        : 0        |                                        |
       128 -> 255        : 0        |                                        |
       256 -> 511        : 248      |                                        |
       512 -> 1023       : 651117   |********                                |
      1024 -> 2047       : 3163826  |****************************************|
      2048 -> 4095       : 218750   |**                                      |
      4096 -> 8191       : 33055    |                                        |
      8192 -> 16383      : 5470     |                                        |
     16384 -> 32767      : 680      |                                        |
     32768 -> 65535      : 80       |                                        |
     65536 -> 131071     : 91       |                                        |
    131072 -> 262143     : 12       |                                        |
    262144 -> 524287     : 1        |                                        |
Detaching...

