Tracing 1 functions for "__alloc_pages_nodemask"... Hit Ctrl-C to end.
^C
     nsecs               : count     distribution
         0 -> 1          : 0        |                                        |
         2 -> 3          : 0        |                                        |
         4 -> 7          : 0        |                                        |
         8 -> 15         : 0        |                                        |
        16 -> 31         : 0        |                                        |
        32 -> 63         : 0        |                                        |
        64 -> 127        : 0        |                                        |
       128 -> 255        : 0        |                                        |
       256 -> 511        : 1        |                                        |
       512 -> 1023       : 1183     |                                        |
      1024 -> 2047       : 1960275  |****************************************|
      2048 -> 4095       : 76212    |*                                       |
      4096 -> 8191       : 13796    |                                        |
      8192 -> 16383      : 442      |                                        |
     16384 -> 32767      : 113      |                                        |
     32768 -> 65535      : 2        |                                        |
     65536 -> 131071     : 6        |                                        |
    131072 -> 262143     : 11       |                                        |
    262144 -> 524287     : 25       |                                        |
    524288 -> 1048575    : 1        |                                        |
   1048576 -> 2097151    : 7        |                                        |
Detaching...
