Tracing 1 functions for "__alloc_pages_nodemask"... Hit Ctrl-C to end.
^C
     nsecs               : count     distribution
         0 -> 1          : 0        |                                        |
         2 -> 3          : 0        |                                        |
         4 -> 7          : 0        |                                        |
         8 -> 15         : 0        |                                        |
        16 -> 31         : 0        |                                        |
        32 -> 63         : 0        |                                        |
        64 -> 127        : 0        |                                        |
       128 -> 255        : 0        |                                        |
       256 -> 511        : 2080     |                                        |
       512 -> 1023       : 12160    |                                        |
      1024 -> 2047       : 1475037  |****************************************|
      2048 -> 4095       : 528852   |**************                          |
      4096 -> 8191       : 32469    |                                        |
      8192 -> 16383      : 1959     |                                        |
     16384 -> 32767      : 294      |                                        |
     32768 -> 65535      : 118      |                                        |
     65536 -> 131071     : 215      |                                        |
    131072 -> 262143     : 139      |                                        |
    262144 -> 524287     : 1033     |                                        |
    524288 -> 1048575    : 1220     |                                        |
   1048576 -> 2097151    : 474      |                                        |
   2097152 -> 4194303    : 392      |                                        |
   4194304 -> 8388607    : 280      |                                        |
   8388608 -> 16777215   : 82       |                                        |
  16777216 -> 33554431   : 43       |                                        |
  33554432 -> 67108863   : 67       |                                        |
  67108864 -> 134217727  : 34       |                                        |
 134217728 -> 268435455  : 11       |                                        |
 268435456 -> 536870911  : 1        |                                        |
Detaching...

