Tracing 1 functions for "__alloc_pages_nodemask"... Hit Ctrl-C to end.
^C
     nsecs               : count     distribution
         0 -> 1          : 0        |                                        |
         2 -> 3          : 0        |                                        |
         4 -> 7          : 0        |                                        |
         8 -> 15         : 0        |                                        |
        16 -> 31         : 0        |                                        |
        32 -> 63         : 0        |                                        |
        64 -> 127        : 0        |                                        |
       128 -> 255        : 0        |                                        |
       256 -> 511        : 538      |                                        |
       512 -> 1023       : 1164387  |****************************************|
      1024 -> 2047       : 810043   |***************************             |
      2048 -> 4095       : 55305    |*                                       |
      4096 -> 8191       : 5610     |                                        |
      8192 -> 16383      : 586      |                                        |
     16384 -> 32767      : 77       |                                        |
     32768 -> 65535      : 41       |                                        |
     65536 -> 131071     : 31       |                                        |
    131072 -> 262143     : 7        |                                        |
Detaching...

